app/build/outputs/logs/manifest-merger-debug-report.txt
-- Merging decision tree log ---
manifest
ADDED from src\main\AndroidManifest.xml:21:1-3889:12
INJECTED from src\main\AndroidManifest.xml:21:1-3889:12
MERGED from [androidx.print:print:1.1.0-beta01] AndroidManifest.xml:17:1-24:12
MERGED from [androidx.core:core-ktx:1.7.0] AndroidManifest.xml:2:1-9:12
MERGED from [androidx.core:core:1.7.0] AndroidManifest.xml:17:1-26:12
MERGED from [androidx.lifecycle:lifecycle-runtime:2.3.1] AndroidManifest.xml:17:1-24:12
MERGED from [androidx.versionedparcelable:versionedparcelable:1.1.1] AndroidManifest.xml:17:1-27:12
MERGED from [androidx.arch.core:core-runtime:2.1.0] AndroidManifest.xml:17:1-24:12
MERGED from [androidx.annotation:annotation-experimental:1.1.0] AndroidManifest.xml:17:1-24:12
INJECTED from src\main\AndroidManifest.xml:21:1-3889:12
	package
		ADDED from src\main\AndroidManifest.xml:22:5-39
		INJECTED from src\main\AndroidManifest.xml
		INJECTED from src\main\AndroidManifest.xml
	xmlns:android
		ADDED from src\main\AndroidManifest.xml:21:11-69
	android:installLocation
		ADDED from src\main\AndroidManifest.xml:23:5-35
uses-permission#android.permission.READ_CONTACTS
ADDED from src\main\AndroidManifest.xml:25:5-72
	android:name
		ADDED from src\main\AndroidManifest.xml:25:22-69
uses-permission#android.permission.WRITE_CONTACTS
ADDED from src\main\AndroidManifest.xml:26:5-73
	android:name
		ADDED from src\main\AndroidManifest.xml:26:22-70
uses-permission#android.permission.VIBRATE
ADDED from src\main\AndroidManifest.xml:27:5-66
	android:name
		ADDED from src\main\AndroidManifest.xml:27:22-63
uses-permission#android.permission.ACCESS_COARSE_LOCATION
ADDED from src\main\AndroidManifest.xml:28:5-81
	android:name
		ADDED from src\main\AndroidManifest.xml:28:22-78
uses-permission#android.permission.INTERNET
ADDED from src\main\AndroidManifest.xml:29:5-67
	android:name
		ADDED from src\main\AndroidManifest.xml:29:22-64
uses-permission#android.permission.SET_WALLPAPER
ADDED from src\main\AndroidManifest.xml:30:5-72
	android:name
		ADDED from src\main\AndroidManifest.xml:30:22-69
uses-permission#android.permission.WRITE_EXTERNAL_STORAGE
ADDED from src\main\AndroidManifest.xml:31:5-81
	android:name
		ADDED from src\main\AndroidManifest.xml:31:22-78
uses-permission#android.permission.SEND_SMS
ADDED from src\main\AndroidManifest.xml:32:5-67
	android:name
		ADDED from src\main\AndroidManifest.xml:32:22-64
uses-permission#android.permission.RECEIVE_SMS
ADDED from src\main\AndroidManifest.xml:33:5-70
	android:name
		ADDED from src\main\AndroidManifest.xml:33:22-67
uses-permission#android.permission.RECEIVE_MMS
ADDED from src\main\AndroidManifest.xml:34:5-70
	android:name
		ADDED from src\main\AndroidManifest.xml:34:22-67
uses-permission#android.permission.WRITE_SMS
ADDED from src\main\AndroidManifest.xml:35:5-68
	android:name
		ADDED from src\main\AndroidManifest.xml:35:22-65
uses-permission#android.permission.READ_SMS
ADDED from src\main\AndroidManifest.xml:36:5-67
	android:name
		ADDED from src\main\AndroidManifest.xml:36:22-64
uses-permission#android.permission.NFC
ADDED from src\main\AndroidManifest.xml:37:5-62
	android:name
		ADDED from src\main\AndroidManifest.xml:37:22-59
uses-permission#android.permission.TRANSMIT_IR
ADDED from src\main\AndroidManifest.xml:38:5-70
	android:name
		ADDED from src\main\AndroidManifest.xml:38:22-67
uses-permission#android.permission.READ_PHONE_STATE
ADDED from src\main\AndroidManifest.xml:39:5-75
	android:name
		ADDED from src\main\AndroidManifest.xml:39:22-72
uses-permission#android.permission.WAKE_LOCK
ADDED from src\main\AndroidManifest.xml:40:5-68
	android:name
		ADDED from src\main\AndroidManifest.xml:40:22-65
uses-permission#android.permission.FOREGROUND_SERVICE
ADDED from src\main\AndroidManifest.xml:41:5-77
	android:name
		ADDED from src\main\AndroidManifest.xml:41:22-74
uses-permission#android.permission.REQUEST_INSTALL_PACKAGES
ADDED from src\main\AndroidManifest.xml:42:5-83
	android:name
		ADDED from src\main\AndroidManifest.xml:42:22-80
uses-permission#android.permission.REQUEST_DELETE_PACKAGES
ADDED from src\main\AndroidManifest.xml:43:5-82
	android:name
		ADDED from src\main\AndroidManifest.xml:43:22-79
uses-permission#android.permission.SYSTEM_ALERT_WINDOW
ADDED from src\main\AndroidManifest.xml:45:5-78
	android:name
		ADDED from src\main\AndroidManifest.xml:45:22-75
uses-permission#android.permission.RECORD_AUDIO
ADDED from src\main\AndroidManifest.xml:48:5-71
	android:name
		ADDED from src\main\AndroidManifest.xml:48:22-68
uses-permission#android.permission.CAMERA
ADDED from src\main\AndroidManifest.xml:52:5-65
	android:name
		ADDED from src\main\AndroidManifest.xml:52:22-62
uses-feature#android.hardware.camera
ADDED from src\main\AndroidManifest.xml:54:5-60
	android:name
		ADDED from src\main\AndroidManifest.xml:54:19-57
uses-feature#android.hardware.camera.autofocus
ADDED from src\main\AndroidManifest.xml:55:5-57:36
	android:required
		ADDED from src\main\AndroidManifest.xml:57:9-33
	android:name
		ADDED from src\main\AndroidManifest.xml:56:9-57
uses-sdk
ADDED from src\main\AndroidManifest.xml:59:5-61:41
INJECTED from src\main\AndroidManifest.xml:59:5-61:41
INJECTED from src\main\AndroidManifest.xml:59:5-61:41
MERGED from [androidx.print:print:1.1.0-beta01] AndroidManifest.xml:20:5-22:41
MERGED from [androidx.print:print:1.1.0-beta01] AndroidManifest.xml:20:5-22:41
MERGED from [androidx.core:core-ktx:1.7.0] AndroidManifest.xml:5:5-7:41
MERGED from [androidx.core:core-ktx:1.7.0] AndroidManifest.xml:5:5-7:41
MERGED from [androidx.core:core:1.7.0] AndroidManifest.xml:20:5-22:41
MERGED from [androidx.core:core:1.7.0] AndroidManifest.xml:20:5-22:41
MERGED from [androidx.lifecycle:lifecycle-runtime:2.3.1] AndroidManifest.xml:20:5-22:41
MERGED from [androidx.lifecycle:lifecycle-runtime:2.3.1] AndroidManifest.xml:20:5-22:41
MERGED from [androidx.versionedparcelable:versionedparcelable:1.1.1] AndroidManifest.xml:20:5-22:41
MERGED from [androidx.versionedparcelable:versionedparcelable:1.1.1] AndroidManifest.xml:20:5-22:41
MERGED from [androidx.arch.core:core-runtime:2.1.0] AndroidManifest.xml:20:5-22:41
MERGED from [androidx.arch.core:core-runtime:2.1.0] AndroidManifest.xml:20:5-22:41
MERGED from [androidx.annotation:annotation-experimental:1.1.0] AndroidManifest.xml:20:5-22:41
MERGED from [androidx.annotation:annotation-experimental:1.1.0] AndroidManifest.xml:20:5-22:41
INJECTED from src\main\AndroidManifest.xml:59:5-61:41
INJECTED from src\main\AndroidManifest.xml:59:5-61:41
	android:targetSdkVersion
		ADDED from src\main\AndroidManifest.xml:61:9-38
		INJECTED from src\main\AndroidManifest.xml
		INJECTED from src\main\AndroidManifest.xml
	android:minSdkVersion
		ADDED from src\main\AndroidManifest.xml:60:9-35
		INJECTED from src\main\AndroidManifest.xml
		INJECTED from src\main\AndroidManifest.xml
application
ADDED from src\main\AndroidManifest.xml:63:5-3882:19
MERGED from [androidx.core:core:1.7.0] AndroidManifest.xml:24:5-89
MERGED from [androidx.core:core:1.7.0] AndroidManifest.xml:24:5-89
MERGED from [androidx.versionedparcelable:versionedparcelable:1.1.1] AndroidManifest.xml:24:5-25:19
MERGED from [androidx.versionedparcelable:versionedparcelable:1.1.1] AndroidManifest.xml:24:5-25:19
	android:appComponentFactory
		ADDED from [androidx.core:core:1.7.0] AndroidManifest.xml:24:18-86
	android:supportsRtl
		ADDED from src\main\AndroidManifest.xml:69:9-35
	android:label
		ADDED from src\main\AndroidManifest.xml:68:9-53
	android:hardwareAccelerated
		ADDED from src\main\AndroidManifest.xml:66:9-43
	android:icon
		ADDED from src\main\AndroidManifest.xml:67:9-49
	android:theme
		ADDED from src\main\AndroidManifest.xml:70:9-74
	android:enableOnBackInvokedCallback
		ADDED from src\main\AndroidManifest.xml:65:9-51
	android:name
		ADDED from src\main\AndroidManifest.xml:64:9-43
uses-library#com.example.will.never.exist
ADDED from src\main\AndroidManifest.xml:74:9-76:40
	android:required
		ADDED from src\main\AndroidManifest.xml:76:13-37
	android:name
		ADDED from src\main\AndroidManifest.xml:75:13-56
activity#com.example.android.apis.ApiDemos
ADDED from src\main\AndroidManifest.xml:78:9-85:20
	android:name
		ADDED from src\main\AndroidManifest.xml:78:19-42
intent-filter#action:name:android.intent.action.MAIN+category:name:android.intent.category.DEFAULT+category:name:android.intent.category.LAUNCHER
ADDED from src\main\AndroidManifest.xml:79:13-84:29
action#android.intent.action.MAIN
ADDED from src\main\AndroidManifest.xml:80:17-69
	android:name
		ADDED from src\main\AndroidManifest.xml:80:25-66
category#android.intent.category.DEFAULT
ADDED from src\main\AndroidManifest.xml:82:17-76
	android:name
		ADDED from src\main\AndroidManifest.xml:82:27-73
category#android.intent.category.LAUNCHER
ADDED from src\main\AndroidManifest.xml:83:17-77
	android:name
		ADDED from src\main\AndroidManifest.xml:83:27-74
activity#com.example.android.apis.app.HelloWorld
ADDED from src\main\AndroidManifest.xml:93:9-100:20
	android:label
		ADDED from src\main\AndroidManifest.xml:95:13-57
	android:name
		ADDED from src\main\AndroidManifest.xml:94:13-43
intent-filter#action:name:android.intent.action.MAIN+category:name:android.intent.category.SAMPLE_CODE
ADDED from src\main\AndroidManifest.xml:96:13-99:29
category#android.intent.category.SAMPLE_CODE
ADDED from src\main\AndroidManifest.xml:98:17-80
	android:name
		ADDED from src\main\AndroidManifest.xml:98:27-77
activity#com.example.android.apis.app.DialogActivity
ADDED from src\main\AndroidManifest.xml:102:9-110:20
	android:label
		ADDED from src\main\AndroidManifest.xml:104:13-52
	android:theme
		ADDED from src\main\AndroidManifest.xml:105:13-54
	android:name
		ADDED from src\main\AndroidManifest.xml:103:13-47
activity#com.example.android.apis.app.CustomDialogActivity
ADDED from src\main\AndroidManifest.xml:112:9-120:20
	android:label
		ADDED from src\main\AndroidManifest.xml:114:13-59
	android:theme
		ADDED from src\main\AndroidManifest.xml:115:13-54
	android:name
		ADDED from src\main\AndroidManifest.xml:113:13-53
activity#com.example.android.apis.app.OverscanActivity
ADDED from src\main\AndroidManifest.xml:122:9-131:20
	android:enabled
		ADDED from src\main\AndroidManifest.xml:124:13-56
	android:label
		ADDED from src\main\AndroidManifest.xml:125:13-54
	android:theme
		ADDED from src\main\AndroidManifest.xml:126:13-75
	android:name
		ADDED from src\main\AndroidManifest.xml:123:13-49
activity#com.example.android.apis.app.QuickContactsDemo
ADDED from src\main\AndroidManifest.xml:133:9-140:20
	android:label
		ADDED from src\main\AndroidManifest.xml:135:13-56
	android:name
		ADDED from src\main\AndroidManifest.xml:134:13-50
activity#com.example.android.apis.app.WallpaperActivity
ADDED from src\main\AndroidManifest.xml:142:9-150:20
	android:label
		ADDED from src\main\AndroidManifest.xml:144:13-55
	android:theme
		ADDED from src\main\AndroidManifest.xml:145:13-51
	android:name
		ADDED from src\main\AndroidManifest.xml:143:13-50
activity#com.example.android.apis.app.TranslucentActivity
ADDED from src\main\AndroidManifest.xml:152:9-160:20
	android:label
		ADDED from src\main\AndroidManifest.xml:154:13-57
	android:theme
		ADDED from src\main\AndroidManifest.xml:155:13-53
	android:name
		ADDED from src\main\AndroidManifest.xml:153:13-52
activity#com.example.android.apis.app.TranslucentBlurActivity
ADDED from src\main\AndroidManifest.xml:162:9-170:20
	android:label
		ADDED from src\main\AndroidManifest.xml:164:13-62
	android:theme
		ADDED from src\main\AndroidManifest.xml:165:13-53
	android:name
		ADDED from src\main\AndroidManifest.xml:163:13-56
activity#com.example.android.apis.app.Animation
ADDED from src\main\AndroidManifest.xml:172:9-179:20
	android:label
		ADDED from src\main\AndroidManifest.xml:174:13-55
	android:name
		ADDED from src\main\AndroidManifest.xml:173:13-42
activity#com.example.android.apis.app.SaveRestoreState
ADDED from src\main\AndroidManifest.xml:181:9-189:20
	android:label
		ADDED from src\main\AndroidManifest.xml:183:13-58
	android:windowSoftInputMode
		ADDED from src\main\AndroidManifest.xml:184:13-68
	android:name
		ADDED from src\main\AndroidManifest.xml:182:13-49
activity#com.example.android.apis.app.PersistentState
ADDED from src\main\AndroidManifest.xml:191:9-199:20
	android:label
		ADDED from src\main\AndroidManifest.xml:193:13-56
	android:windowSoftInputMode
		ADDED from src\main\AndroidManifest.xml:194:13-68
	android:name
		ADDED from src\main\AndroidManifest.xml:192:13-48
activity#com.example.android.apis.app.ActivityRecreate
ADDED from src\main\AndroidManifest.xml:201:9-209:20
	android:enabled
		ADDED from src\main\AndroidManifest.xml:203:13-53
	android:label
		ADDED from src\main\AndroidManifest.xml:204:13-54
	android:name
		ADDED from src\main\AndroidManifest.xml:202:13-49
activity#com.example.android.apis.app.FinishAffinity
ADDED from src\main\AndroidManifest.xml:211:9-220:20
	android:enabled
		ADDED from src\main\AndroidManifest.xml:213:13-53
	android:label
		ADDED from src\main\AndroidManifest.xml:214:13-61
	android:taskAffinity
		ADDED from src\main\AndroidManifest.xml:215:13-46
	android:name
		ADDED from src\main\AndroidManifest.xml:212:13-47
activity#com.example.android.apis.app.SoftInputModes
ADDED from src\main\AndroidManifest.xml:222:9-229:20
	android:label
		ADDED from src\main\AndroidManifest.xml:224:13-53
	android:name
		ADDED from src\main\AndroidManifest.xml:223:13-47
activity#com.example.android.apis.app.ReceiveResult
ADDED from src\main\AndroidManifest.xml:231:9-238:20
	android:label
		ADDED from src\main\AndroidManifest.xml:233:13-60
	android:name
		ADDED from src\main\AndroidManifest.xml:232:13-46
activity#com.example.android.apis.app.SendResult
ADDED from src\main\AndroidManifest.xml:240:9-242:68
	android:theme
		ADDED from src\main\AndroidManifest.xml:242:13-56
	android:name
		ADDED from src\main\AndroidManifest.xml:241:13-43
activity#com.example.android.apis.app.Forwarding
ADDED from src\main\AndroidManifest.xml:244:9-251:20
	android:label
		ADDED from src\main\AndroidManifest.xml:246:13-56
	android:name
		ADDED from src\main\AndroidManifest.xml:245:13-43
activity#com.example.android.apis.app.ForwardTarget
ADDED from src\main\AndroidManifest.xml:253:9-64
	android:name
		ADDED from src\main\AndroidManifest.xml:253:19-52
activity#com.example.android.apis.app.RedirectEnter
ADDED from src\main\AndroidManifest.xml:255:9-262:20
	android:label
		ADDED from src\main\AndroidManifest.xml:257:13-54
	android:name
		ADDED from src\main\AndroidManifest.xml:256:13-46
activity#com.example.android.apis.app.RedirectMain
ADDED from src\main\AndroidManifest.xml:264:9-63
	android:name
		ADDED from src\main\AndroidManifest.xml:264:19-51
activity#com.example.android.apis.app.RedirectGetter
ADDED from src\main\AndroidManifest.xml:266:9-65
	android:name
		ADDED from src\main\AndroidManifest.xml:266:19-53
activity#com.example.android.apis.app.CustomTitle
ADDED from src\main\AndroidManifest.xml:270:9-279:20
	android:label
		ADDED from src\main\AndroidManifest.xml:272:13-58
	android:windowSoftInputMode
		ADDED from src\main\AndroidManifest.xml:274:13-65
	android:theme
		ADDED from src\main\AndroidManifest.xml:273:13-49
	android:name
		ADDED from src\main\AndroidManifest.xml:271:13-44
activity#com.example.android.apis.app.ReorderOnLaunch
ADDED from src\main\AndroidManifest.xml:281:9-288:20
	android:label
		ADDED from src\main\AndroidManifest.xml:283:13-53
	android:name
		ADDED from src\main\AndroidManifest.xml:282:13-48
activity#com.example.android.apis.app.RotationAnimation
ADDED from src\main\AndroidManifest.xml:290:9-298:20
	android:label
		ADDED from src\main\AndroidManifest.xml:292:13-64
	android:rotationAnimation
		ADDED from src\main\AndroidManifest.xml:293:13-50
	android:name
		ADDED from src\main\AndroidManifest.xml:291:13-50
activity#com.example.android.apis.app.ReorderTwo
ADDED from src\main\AndroidManifest.xml:300:9-52
	android:name
		ADDED from src\main\AndroidManifest.xml:300:19-49
activity#com.example.android.apis.app.ReorderThree
ADDED from src\main\AndroidManifest.xml:301:9-54
	android:name
		ADDED from src\main\AndroidManifest.xml:301:19-51
activity#com.example.android.apis.app.ReorderFour
ADDED from src\main\AndroidManifest.xml:302:9-53
	android:name
		ADDED from src\main\AndroidManifest.xml:302:19-50
activity#com.example.android.apis.app.SetWallpaperActivity
ADDED from src\main\AndroidManifest.xml:304:9-311:20
	android:label
		ADDED from src\main\AndroidManifest.xml:306:13-58
	android:name
		ADDED from src\main\AndroidManifest.xml:305:13-53
activity#com.example.android.apis.app.ScreenOrientation
ADDED from src\main\AndroidManifest.xml:313:9-320:20
	android:label
		ADDED from src\main\AndroidManifest.xml:315:13-64
	android:name
		ADDED from src\main\AndroidManifest.xml:314:13-50
activity#com.example.android.apis.app.KeepClearRects
ADDED from src\main\AndroidManifest.xml:322:9-329:20
	android:label
		ADDED from src\main\AndroidManifest.xml:324:13-56
	android:name
		ADDED from src\main\AndroidManifest.xml:323:13-47
activity#com.example.android.apis.app.PictureInPicture
ADDED from src\main\AndroidManifest.xml:331:9-342:20
	android:label
		ADDED from src\main\AndroidManifest.xml:334:13-64
	android:supportsPictureInPicture
		ADDED from src\main\AndroidManifest.xml:336:13-52
	android:resizeableActivity
		ADDED from src\main\AndroidManifest.xml:335:13-46
	android:configChanges
		ADDED from src\main\AndroidManifest.xml:333:13-91
	android:theme
		ADDED from src\main\AndroidManifest.xml:337:13-53
	android:name
		ADDED from src\main\AndroidManifest.xml:332:13-49
activity#com.example.android.apis.app.ContentPictureInPicture
ADDED from src\main\AndroidManifest.xml:344:9-350:65
	android:label
		ADDED from src\main\AndroidManifest.xml:347:13-64
	android:supportsPictureInPicture
		ADDED from src\main\AndroidManifest.xml:349:13-52
	android:resizeableActivity
		ADDED from src\main\AndroidManifest.xml:348:13-46
	android:configChanges
		ADDED from src\main\AndroidManifest.xml:346:13-91
	android:theme
		ADDED from src\main\AndroidManifest.xml:350:13-53
	android:name
		ADDED from src\main\AndroidManifest.xml:345:13-56
activity#com.example.android.apis.app.MaxAspectRatio$Square
ADDED from src\main\AndroidManifest.xml:352:9-362:20
	android:maxAspectRatio
		ADDED from src\main\AndroidManifest.xml:355:13-39
	android:label
		ADDED from src\main\AndroidManifest.xml:354:13-69
	android:resizeableActivity
		ADDED from src\main\AndroidManifest.xml:356:13-47
	android:theme
		ADDED from src\main\AndroidManifest.xml:357:13-72
	android:name
		ADDED from src\main\AndroidManifest.xml:353:13-54
activity#com.example.android.apis.app.MaxAspectRatio$SixteenToNine
ADDED from src\main\AndroidManifest.xml:364:9-374:20
	android:maxAspectRatio
		ADDED from src\main\AndroidManifest.xml:367:13-48
	android:label
		ADDED from src\main\AndroidManifest.xml:366:13-68
	android:resizeableActivity
		ADDED from src\main\AndroidManifest.xml:368:13-47
	android:theme
		ADDED from src\main\AndroidManifest.xml:369:13-72
	android:name
		ADDED from src\main\AndroidManifest.xml:365:13-61
activity#com.example.android.apis.app.MaxAspectRatio$Any
ADDED from src\main\AndroidManifest.xml:376:9-385:20
	android:label
		ADDED from src\main\AndroidManifest.xml:378:13-66
	android:resizeableActivity
		ADDED from src\main\AndroidManifest.xml:379:13-46
	android:theme
		ADDED from src\main\AndroidManifest.xml:380:13-72
	android:name
		ADDED from src\main\AndroidManifest.xml:377:13-51
activity#com.example.android.apis.app.PresentationActivity
ADDED from src\main\AndroidManifest.xml:387:9-394:20
	android:label
		ADDED from src\main\AndroidManifest.xml:389:13-58
	android:name
		ADDED from src\main\AndroidManifest.xml:388:13-53
activity#com.example.android.apis.app.PresentationWithMediaRouterActivity
ADDED from src\main\AndroidManifest.xml:396:9-403:20
	android:label
		ADDED from src\main\AndroidManifest.xml:398:13-76
	android:name
		ADDED from src\main\AndroidManifest.xml:397:13-68
activity#com.example.android.apis.app.SecureWindowActivity
ADDED from src\main\AndroidManifest.xml:405:9-412:20
	android:label
		ADDED from src\main\AndroidManifest.xml:407:13-59
	android:name
		ADDED from src\main\AndroidManifest.xml:406:13-53
activity#com.example.android.apis.app.SecureDialogActivity
ADDED from src\main\AndroidManifest.xml:414:9-421:20
	android:label
		ADDED from src\main\AndroidManifest.xml:416:13-59
	android:name
		ADDED from src\main\AndroidManifest.xml:415:13-53
activity#com.example.android.apis.app.SecureSurfaceViewActivity
ADDED from src\main\AndroidManifest.xml:423:9-430:20
	android:label
		ADDED from src\main\AndroidManifest.xml:425:13-65
	android:name
		ADDED from src\main\AndroidManifest.xml:424:13-58
activity#com.example.android.apis.app.FragmentAlertDialog
ADDED from src\main\AndroidManifest.xml:434:9-442:20
	android:enabled
		ADDED from src\main\AndroidManifest.xml:436:13-53
	android:label
		ADDED from src\main\AndroidManifest.xml:437:13-58
	android:name
		ADDED from src\main\AndroidManifest.xml:435:13-52
activity#com.example.android.apis.app.FragmentArguments
ADDED from src\main\AndroidManifest.xml:444:9-452:20
	android:enabled
		ADDED from src\main\AndroidManifest.xml:446:13-53
	android:label
		ADDED from src\main\AndroidManifest.xml:447:13-55
	android:name
		ADDED from src\main\AndroidManifest.xml:445:13-50
activity#com.example.android.apis.app.FragmentCustomAnimations
ADDED from src\main\AndroidManifest.xml:454:9-462:20
	android:enabled
		ADDED from src\main\AndroidManifest.xml:456:13-56
	android:label
		ADDED from src\main\AndroidManifest.xml:457:13-63
	android:name
		ADDED from src\main\AndroidManifest.xml:455:13-57
activity#com.example.android.apis.app.FragmentHideShow
ADDED from src\main\AndroidManifest.xml:464:9-473:20
	android:enabled
		ADDED from src\main\AndroidManifest.xml:466:13-53
	android:label
		ADDED from src\main\AndroidManifest.xml:467:13-55
	android:windowSoftInputMode
		ADDED from src\main\AndroidManifest.xml:468:13-57
	android:name
		ADDED from src\main\AndroidManifest.xml:465:13-49
activity#com.example.android.apis.app.FragmentContextMenu
ADDED from src\main\AndroidManifest.xml:475:9-483:20
	android:enabled
		ADDED from src\main\AndroidManifest.xml:477:13-53
	android:label
		ADDED from src\main\AndroidManifest.xml:478:13-58
	android:name
		ADDED from src\main\AndroidManifest.xml:476:13-52
activity#com.example.android.apis.app.FragmentDialog
ADDED from src\main\AndroidManifest.xml:485:9-493:20
	android:enabled
		ADDED from src\main\AndroidManifest.xml:487:13-53
	android:label
		ADDED from src\main\AndroidManifest.xml:488:13-52
	android:name
		ADDED from src\main\AndroidManifest.xml:486:13-47
activity#com.example.android.apis.app.FragmentDialogOrActivity
ADDED from src\main\AndroidManifest.xml:495:9-503:20
	android:enabled
		ADDED from src\main\AndroidManifest.xml:497:13-53
	android:label
		ADDED from src\main\AndroidManifest.xml:498:13-64
	android:name
		ADDED from src\main\AndroidManifest.xml:496:13-57
activity#com.example.android.apis.app.FragmentLayout
ADDED from src\main\AndroidManifest.xml:505:9-513:20
	android:enabled
		ADDED from src\main\AndroidManifest.xml:507:13-53
	android:label
		ADDED from src\main\AndroidManifest.xml:508:13-52
	android:name
		ADDED from src\main\AndroidManifest.xml:506:13-47
activity#com.example.android.apis.app.FragmentLayout$DetailsActivity
ADDED from src\main\AndroidManifest.xml:515:9-517:56
	android:enabled
		ADDED from src\main\AndroidManifest.xml:517:13-53
	android:name
		ADDED from src\main\AndroidManifest.xml:516:13-63
activity#com.example.android.apis.app.FragmentListArray
ADDED from src\main\AndroidManifest.xml:519:9-527:20
	android:enabled
		ADDED from src\main\AndroidManifest.xml:521:13-53
	android:label
		ADDED from src\main\AndroidManifest.xml:522:13-56
	android:name
		ADDED from src\main\AndroidManifest.xml:520:13-50
activity#com.example.android.apis.app.FragmentMenu
ADDED from src\main\AndroidManifest.xml:529:9-537:20
	android:enabled
		ADDED from src\main\AndroidManifest.xml:531:13-53
	android:label
		ADDED from src\main\AndroidManifest.xml:532:13-50
	android:name
		ADDED from src\main\AndroidManifest.xml:530:13-45
activity#com.example.android.apis.app.FragmentNestingTabs
ADDED from src\main\AndroidManifest.xml:539:9-547:20
	android:enabled
		ADDED from src\main\AndroidManifest.xml:541:13-56
	android:label
		ADDED from src\main\AndroidManifest.xml:542:13-58
	android:name
		ADDED from src\main\AndroidManifest.xml:540:13-52
activity#com.example.android.apis.app.FragmentRetainInstance
ADDED from src\main\AndroidManifest.xml:549:9-557:20
	android:enabled
		ADDED from src\main\AndroidManifest.xml:551:13-53
	android:label
		ADDED from src\main\AndroidManifest.xml:552:13-61
	android:name
		ADDED from src\main\AndroidManifest.xml:550:13-55
activity#com.example.android.apis.app.FragmentReceiveResult
ADDED from src\main\AndroidManifest.xml:559:9-567:20
	android:enabled
		ADDED from src\main\AndroidManifest.xml:561:13-53
	android:label
		ADDED from src\main\AndroidManifest.xml:562:13-60
	android:name
		ADDED from src\main\AndroidManifest.xml:560:13-54
activity#com.example.android.apis.app.FragmentStack
ADDED from src\main\AndroidManifest.xml:569:9-577:20
	android:enabled
		ADDED from src\main\AndroidManifest.xml:571:13-53
	android:label
		ADDED from src\main\AndroidManifest.xml:572:13-51
	android:name
		ADDED from src\main\AndroidManifest.xml:570:13-46
activity#com.example.android.apis.app.FragmentTabs
ADDED from src\main\AndroidManifest.xml:579:9-587:20
	android:enabled
		ADDED from src\main\AndroidManifest.xml:581:13-53
	android:label
		ADDED from src\main\AndroidManifest.xml:582:13-50
	android:name
		ADDED from src\main\AndroidManifest.xml:580:13-45
activity#com.example.android.apis.app.LoaderCursor
ADDED from src\main\AndroidManifest.xml:591:9-599:20
	android:enabled
		ADDED from src\main\AndroidManifest.xml:593:13-53
	android:label
		ADDED from src\main\AndroidManifest.xml:594:13-50
	android:name
		ADDED from src\main\AndroidManifest.xml:592:13-45
activity#com.example.android.apis.app.LoaderCustom
ADDED from src\main\AndroidManifest.xml:601:9-609:20
	android:enabled
		ADDED from src\main\AndroidManifest.xml:603:13-53
	android:label
		ADDED from src\main\AndroidManifest.xml:604:13-50
	android:name
		ADDED from src\main\AndroidManifest.xml:602:13-45
activity#com.example.android.apis.app.LoaderThrottle
ADDED from src\main\AndroidManifest.xml:612:9-620:20
	android:enabled
		ADDED from src\main\AndroidManifest.xml:614:13-53
	android:label
		ADDED from src\main\AndroidManifest.xml:615:13-52
	android:name
		ADDED from src\main\AndroidManifest.xml:613:13-47
provider#com.example.android.apis.app.LoaderThrottle$SimpleProvider
ADDED from src\main\AndroidManifest.xml:621:9-624:56
	android:enabled
		ADDED from src\main\AndroidManifest.xml:624:13-53
	android:authorities
		ADDED from src\main\AndroidManifest.xml:623:13-78
	android:name
		ADDED from src\main\AndroidManifest.xml:622:13-62
activity#com.example.android.apis.app.LoaderRetained
ADDED from src\main\AndroidManifest.xml:627:9-635:20
	android:enabled
		ADDED from src\main\AndroidManifest.xml:629:13-53
	android:label
		ADDED from src\main\AndroidManifest.xml:630:13-52
	android:name
		ADDED from src\main\AndroidManifest.xml:628:13-47
activity#com.example.android.apis.app.Intents
ADDED from src\main\AndroidManifest.xml:639:9-646:20
	android:label
		ADDED from src\main\AndroidManifest.xml:641:13-53
	android:name
		ADDED from src\main\AndroidManifest.xml:640:13-40
activity#com.example.android.apis.app.IntentActivityFlags
ADDED from src\main\AndroidManifest.xml:648:9-655:20
	android:label
		ADDED from src\main\AndroidManifest.xml:650:13-67
	android:name
		ADDED from src\main\AndroidManifest.xml:649:13-52
service#com.example.android.apis.app.LocalService
ADDED from src\main\AndroidManifest.xml:659:9-661:43
	android:stopWithTask
		ADDED from src\main\AndroidManifest.xml:661:13-40
	android:name
		ADDED from src\main\AndroidManifest.xml:660:13-45
activity#com.example.android.apis.app.LocalServiceActivities$Controller
ADDED from src\main\AndroidManifest.xml:663:9-671:20
	android:label
		ADDED from src\main\AndroidManifest.xml:665:13-70
	android:launchMode
		ADDED from src\main\AndroidManifest.xml:666:13-43
	android:name
		ADDED from src\main\AndroidManifest.xml:664:13-66
activity#com.example.android.apis.app.LocalServiceActivities$Binding
ADDED from src\main\AndroidManifest.xml:673:9-680:20
	android:label
		ADDED from src\main\AndroidManifest.xml:675:13-67
	android:name
		ADDED from src\main\AndroidManifest.xml:674:13-63
service#com.example.android.apis.app.MessengerService
ADDED from src\main\AndroidManifest.xml:683:9-685:41
	android:process
		ADDED from src\main\AndroidManifest.xml:685:13-38
	android:name
		ADDED from src\main\AndroidManifest.xml:684:13-49
activity#com.example.android.apis.app.MessengerServiceActivities$Binding
ADDED from src\main\AndroidManifest.xml:688:9-695:20
	android:label
		ADDED from src\main\AndroidManifest.xml:690:13-71
	android:name
		ADDED from src\main\AndroidManifest.xml:689:13-67
service#com.example.android.apis.app.RemoteService
ADDED from src\main\AndroidManifest.xml:697:9-699:41
	android:process
		ADDED from src\main\AndroidManifest.xml:699:13-38
	android:name
		ADDED from src\main\AndroidManifest.xml:698:13-46
activity#com.example.android.apis.app.RemoteService$Controller
ADDED from src\main\AndroidManifest.xml:701:9-709:20
	android:label
		ADDED from src\main\AndroidManifest.xml:703:13-71
	android:launchMode
		ADDED from src\main\AndroidManifest.xml:704:13-43
	android:name
		ADDED from src\main\AndroidManifest.xml:702:13-57
activity#com.example.android.apis.app.RemoteService$Binding
ADDED from src\main\AndroidManifest.xml:711:9-718:20
	android:label
		ADDED from src\main\AndroidManifest.xml:713:13-68
	android:name
		ADDED from src\main\AndroidManifest.xml:712:13-54
activity#com.example.android.apis.app.RemoteService$BindingOptions
ADDED from src\main\AndroidManifest.xml:720:9-727:20
	android:label